c:\repo\mentoring\projekty\mediaplayer\mediaplayer\x64\debug\vc143.pdb
c:\repo\mentoring\projekty\mediaplayer\mediaplayer\x64\debug\vc143.idb
c:\repo\mentoring\projekty\mediaplayer\mediaplayer\x64\debug\main.obj
c:\repo\mentoring\projekty\mediaplayer\mediaplayer\x64\debug\implot_items.obj
c:\repo\mentoring\projekty\mediaplayer\mediaplayer\x64\debug\implot.obj
c:\repo\mentoring\projekty\mediaplayer\mediaplayer\x64\debug\imgui_widgets.obj
c:\repo\mentoring\projekty\mediaplayer\mediaplayer\x64\debug\imgui_tables.obj
c:\repo\mentoring\projekty\mediaplayer\mediaplayer\x64\debug\imgui_impl_win32.obj
c:\repo\mentoring\projekty\mediaplayer\mediaplayer\x64\debug\imgui_impl_dx11.obj
c:\repo\mentoring\projekty\mediaplayer\mediaplayer\x64\debug\imgui_draw.obj
c:\repo\mentoring\projekty\mediaplayer\mediaplayer\x64\debug\imgui_demo.obj
c:\repo\mentoring\projekty\mediaplayer\mediaplayer\x64\debug\imgui.obj
c:\repo\mentoring\projekty\mediaplayer\x64\debug\mediaplayer.pdb
c:\repo\mentoring\projekty\mediaplayer\mediaplayer\x64\debug\mediaplayer.tlog\cl.command.1.tlog
c:\repo\mentoring\projekty\mediaplayer\mediaplayer\x64\debug\mediaplayer.tlog\cl.items.tlog
c:\repo\mentoring\projekty\mediaplayer\mediaplayer\x64\debug\mediaplayer.tlog\cl.read.1.tlog
c:\repo\mentoring\projekty\mediaplayer\mediaplayer\x64\debug\mediaplayer.tlog\cl.write.1.tlog
c:\repo\mentoring\projekty\mediaplayer\mediaplayer\x64\debug\mediaplayer.tlog\link-cvtres.read.1.tlog
c:\repo\mentoring\projekty\mediaplayer\mediaplayer\x64\debug\mediaplayer.tlog\link-cvtres.write.1.tlog
c:\repo\mentoring\projekty\mediaplayer\mediaplayer\x64\debug\mediaplayer.tlog\link-rc.read.1.tlog
c:\repo\mentoring\projekty\mediaplayer\mediaplayer\x64\debug\mediaplayer.tlog\link-rc.write.1.tlog
c:\repo\mentoring\projekty\mediaplayer\mediaplayer\x64\debug\mediaplayer.tlog\link.13840-cvtres.read.1.tlog
c:\repo\mentoring\projekty\mediaplayer\mediaplayer\x64\debug\mediaplayer.tlog\link.13840-cvtres.write.1.tlog
c:\repo\mentoring\projekty\mediaplayer\mediaplayer\x64\debug\mediaplayer.tlog\link.13840-rc.read.1.tlog
c:\repo\mentoring\projekty\mediaplayer\mediaplayer\x64\debug\mediaplayer.tlog\link.13840-rc.write.1.tlog
c:\repo\mentoring\projekty\mediaplayer\mediaplayer\x64\debug\mediaplayer.tlog\link.13840.read.1.tlog
c:\repo\mentoring\projekty\mediaplayer\mediaplayer\x64\debug\mediaplayer.tlog\link.13840.read.2.tlog
c:\repo\mentoring\projekty\mediaplayer\mediaplayer\x64\debug\mediaplayer.tlog\link.13840.write.1.tlog
c:\repo\mentoring\projekty\mediaplayer\mediaplayer\x64\debug\mediaplayer.tlog\link.command.1.tlog
c:\repo\mentoring\projekty\mediaplayer\mediaplayer\x64\debug\mediaplayer.tlog\link.read.1.tlog
c:\repo\mentoring\projekty\mediaplayer\mediaplayer\x64\debug\mediaplayer.tlog\link.read.2.tlog
c:\repo\mentoring\projekty\mediaplayer\mediaplayer\x64\debug\mediaplayer.tlog\link.read.3.tlog
c:\repo\mentoring\projekty\mediaplayer\mediaplayer\x64\debug\mediaplayer.tlog\link.write.1.tlog
